
KeyboardInterrupt

Some weights of BertForSequenceClassification were not initialized from the model checkpoint at bert-base-uncased and are newly initialized: ['classifier.bias', 'classifier.weight']
You should probably TRAIN this model on a down-stream task to be able to use it for predictions and inference.
Some weights of BertForSequenceClassification were not initialized from the model checkpoint at bert-base-uncased and are newly initialized: ['classifier.bias', 'classifier.weight']
You should probably TRAIN this model on a down-stream task to be able to use it for predictions and inference.
Some weights of BertForSequenceClassification were not initialized from the model checkpoint at bert-base-uncased and are newly initialized: ['classifier.bias', 'classifier.weight']
You should probably TRAIN this model on a down-stream task to be able to use it for predictions and inference.
Type of ag_news['train'].features['label']: <class 'datasets.features.features.Value'>
Unique labels in ag_news train dataset: [1, 2, 3, 4]
Number of unique labels: 4
WARNING: AG News labels are not 0-indexed and contiguous. Remapping them.
Some weights of BertForSequenceClassification were not initialized from the model checkpoint at bert-base-uncased and are newly initialized: ['classifier.bias', 'classifier.weight']
You should probably TRAIN this model on a down-stream task to be able to use it for predictions and inference.
Type of ag_news['train'].features['label']: <class 'datasets.features.features.Value'>
Unique labels in ag_news train dataset: [1, 2, 3, 4]
Number of unique labels: 4
WARNING: AG News labels are not 0-indexed and contiguous. Remapping them.
Type of ag_news['train'].features['label']: <class 'datasets.features.features.Value'>
Unique labels in ALL ag_news datasets: [1, 2, 3, 4]
Number of unique labels: 4
WARNING: AG News labels are not 0-indexed and contiguous. Remapping them.
Type of ag_news['train'].features['label']: <class 'datasets.features.features.Value'>
Unique labels in ALL ag_news datasets (initially collected): [1, 2, 3, 4]
WARNING: Label 0 detected in a batch during previous run, but not in initial unique_labels_ag. Explicitly adding 0.
Unique labels in ALL ag_news datasets (final for mapping): [0, 1, 2, 3, 4]
Number of unique labels (final for mapping): 5
Type of ag_news_tok['train'].features['label'] after remapping and casting: <class 'datasets.features.features.ClassLabel'>
Some weights of BertForSequenceClassification were not initialized from the model checkpoint at bert-base-uncased and are newly initialized: ['classifier.bias', 'classifier.weight']
You should probably TRAIN this model on a down-stream task to be able to use it for predictions and inference.
Type of ag_news['train'].features['label']: <class 'datasets.features.features.Value'>
Unique labels in ALL ag_news datasets (initially collected): [1, 2, 3, 4]
WARNING: Label 0 detected in a batch during previous run, but not in initial unique_labels_ag. Explicitly adding 0.
Unique labels in ALL ag_news datasets (final for mapping): [0, 1, 2, 3, 4]
Number of unique labels (final for mapping): 5
Type of ag_news_tok['train'].features['label'] after remapping and casting: <class 'datasets.features.features.ClassLabel'>
Some weights of BertForSequenceClassification were not initialized from the model checkpoint at bert-base-uncased and are newly initialized: ['classifier.bias', 'classifier.weight']
You should probably TRAIN this model on a down-stream task to be able to use it for predictions and inference.
Type of ag_news['train'].features['label']: <class 'datasets.features.features.Value'>
Detected 1-indexed labels ([1, 2, 3, 4]). Remapping to 0-indexed: [0, 1, 2, 3].
Final number of classes for AG News: 4
Final label mapping for AG News: {0: 1, 1: 2, 2: 3, 3: 4}
